# JRE version: Java(TM) SE Runtime Environment (8.0_25-b18) (build 1.8.0_25-b18)
# Java VM: Java HotSpot(TM) 64-Bit Server VM (25.25-b02 mixed mode windows-amd64 compressed oops)
Heap:
 PSYoungGen      total 236544K, used 130286K [0x000000076c180000, 0x000000077b580000, 0x00000007c0000000)
  eden space 231424K, 56% used [0x000000076c180000,0x00000007740bba80,0x000000077a380000)
  from space 5120K, 0% used [0x000000077a380000,0x000000077a380000,0x000000077a880000)
  to   space 9216K, 0% used [0x000000077ac80000,0x000000077ac80000,0x000000077b580000)
 ParOldGen       total 171520K, used 29131K [0x00000006c4400000, 0x00000006ceb80000, 0x000000076c180000)
  object space 171520K, 16% used [0x00000006c4400000,0x00000006c6072e88,0x00000006ceb80000)
 Metaspace       used 50998K, capacity 56074K, committed 56448K, reserved 1097728K
  class space    used 6529K, capacity 7426K, committed 7552K, reserved 1048576K
GC Heap History (10 events):
Event: 3810.676 GC heap before
{Heap before GC invocations=44 (full 19):
 PSYoungGen      total 236544K, used 4857K [0x000000076c180000, 0x000000077b680000, 0x00000007c0000000)
  eden space 231424K, 0% used [0x000000076c180000,0x000000076c180000,0x000000077a380000)
  from space 5120K, 94% used [0x000000077a380000,0x000000077a83e5c0,0x000000077a880000)
  to   space 9728K, 0% used [0x000000077ad00000,0x000000077ad00000,0x000000077b680000)
 ParOldGen       total 171520K, used 27232K [0x00000006c4400000, 0x00000006ceb80000, 0x000000076c180000)
  object space 171520K, 15% used [0x00000006c4400000,0x00000006c5e981c0,0x00000006ceb80000)
 Metaspace       used 49671K, capacity 54600K, committed 54912K, reserved 1097728K
  class space    used 6411K, capacity 7212K, committed 7296K, reserved 1048576K
Event: 3810.784 GC heap after
Heap after GC invocations=44 (full 19):
 PSYoungGen      total 236544K, used 0K [0x000000076c180000, 0x000000077b680000, 0x00000007c0000000)
  eden space 231424K, 0% used [0x000000076c180000,0x000000076c180000,0x000000077a380000)
  from space 5120K, 0% used [0x000000077a380000,0x000000077a380000,0x000000077a880000)
  to   space 9728K, 0% used [0x000000077ad00000,0x000000077ad00000,0x000000077b680000)
 ParOldGen       total 171520K, used 27814K [0x00000006c4400000, 0x00000006ceb80000, 0x000000076c180000)
  object space 171520K, 16% used [0x00000006c4400000,0x00000006c5f29b90,0x00000006ceb80000)
 Metaspace       used 49650K, capacity 54564K, committed 54912K, reserved 1097728K
  class space    used 6408K, capacity 7205K, committed 7296K, reserved 1048576K
}
Event: 3813.603 GC heap before
{Heap before GC invocations=45 (full 19):
 PSYoungGen      total 236544K, used 126853K [0x000000076c180000, 0x000000077b680000, 0x00000007c0000000)
  eden space 231424K, 54% used [0x000000076c180000,0x0000000773d61660,0x000000077a380000)
  from space 5120K, 0% used [0x000000077a380000,0x000000077a380000,0x000000077a880000)
  to   space 9728K, 0% used [0x000000077ad00000,0x000000077ad00000,0x000000077b680000)
 ParOldGen       total 171520K, used 27814K [0x00000006c4400000, 0x00000006ceb80000, 0x000000076c180000)
  object space 171520K, 16% used [0x00000006c4400000,0x00000006c5f29b90,0x00000006ceb80000)
 Metaspace       used 50119K, capacity 55136K, committed 55168K, reserved 1097728K
  class space    used 6453K, capacity 7284K, committed 7296K, reserved 1048576K
Event: 3813.606 GC heap after
Heap after GC invocations=45 (full 19):
 PSYoungGen      total 241152K, used 4963K [0x000000076c180000, 0x000000077b680000, 0x00000007c0000000)
  eden space 231424K, 0% used [0x000000076c180000,0x000000076c180000,0x000000077a380000)
  from space 9728K, 51% used [0x000000077ad00000,0x000000077b1d8cb8,0x000000077b680000)
  to   space 9728K, 0% used [0x000000077a380000,0x000000077a380000,0x000000077ad00000)
 ParOldGen       total 171520K, used 27822K [0x00000006c4400000, 0x00000006ceb80000, 0x000000076c180000)
  object space 171520K, 16% used [0x00000006c4400000,0x00000006c5f2bb90,0x00000006ceb80000)
 Metaspace       used 50119K, capacity 55136K, committed 55168K, reserved 1097728K
  class space    used 6453K, capacity 7284K, committed 7296K, reserved 1048576K
}
Event: 3813.606 GC heap before
{Heap before GC invocations=46 (full 20):
 PSYoungGen      total 241152K, used 4963K [0x000000076c180000, 0x000000077b680000, 0x00000007c0000000)
  eden space 231424K, 0% used [0x000000076c180000,0x000000076c180000,0x000000077a380000)
  from space 9728K, 51% used [0x000000077ad00000,0x000000077b1d8cb8,0x000000077b680000)
  to   space 9728K, 0% used [0x000000077a380000,0x000000077a380000,0x000000077ad00000)
 ParOldGen       total 171520K, used 27822K [0x00000006c4400000, 0x00000006ceb80000, 0x000000076c180000)
  object space 171520K, 16% used [0x00000006c4400000,0x00000006c5f2bb90,0x00000006ceb80000)
 Metaspace       used 50119K, capacity 55136K, committed 55168K, reserved 1097728K
  class space    used 6453K, capacity 7284K, committed 7296K, reserved 1048576K
Event: 3813.746 GC heap after
Heap after GC invocations=46 (full 20):
 PSYoungGen      total 241152K, used 0K [0x000000076c180000, 0x000000077b680000, 0x00000007c0000000)
  eden space 231424K, 0% used [0x000000076c180000,0x000000076c180000,0x000000077a380000)
  from space 9728K, 0% used [0x000000077ad00000,0x000000077ad00000,0x000000077b680000)
  to   space 9728K, 0% used [0x000000077a380000,0x000000077a380000,0x000000077ad00000)
 ParOldGen       total 171520K, used 28542K [0x00000006c4400000, 0x00000006ceb80000, 0x000000076c180000)
  object space 171520K, 16% used [0x00000006c4400000,0x00000006c5fdfb50,0x00000006ceb80000)
 Metaspace       used 50098K, capacity 55100K, committed 55168K, reserved 1097728K
  class space    used 6450K, capacity 7277K, committed 7296K, reserved 1048576K
}
Event: 3886.673 GC heap before
{Heap before GC invocations=47 (full 20):
 PSYoungGen      total 241152K, used 133493K [0x000000076c180000, 0x000000077b680000, 0x00000007c0000000)
  eden space 231424K, 57% used [0x000000076c180000,0x00000007743dd4c0,0x000000077a380000)
  from space 9728K, 0% used [0x000000077ad00000,0x000000077ad00000,0x000000077b680000)
  to   space 9728K, 0% used [0x000000077a380000,0x000000077a380000,0x000000077ad00000)
 ParOldGen       total 171520K, used 28542K [0x00000006c4400000, 0x00000006ceb80000, 0x000000076c180000)
  object space 171520K, 16% used [0x00000006c4400000,0x00000006c5fdfb50,0x00000006ceb80000)
 Metaspace       used 50575K, capacity 55640K, committed 55808K, reserved 1097728K
  class space    used 6497K, capacity 7388K, committed 7424K, reserved 1048576K
Event: 3886.675 GC heap after
Heap after GC invocations=47 (full 20):
 PSYoungGen      total 236544K, used 4910K [0x000000076c180000, 0x000000077b580000, 0x00000007c0000000)
  eden space 231424K, 0% used [0x000000076c180000,0x000000076c180000,0x000000077a380000)
  from space 5120K, 95% used [0x000000077a380000,0x000000077a84b848,0x000000077a880000)
  to   space 9216K, 0% used [0x000000077ac80000,0x000000077ac80000,0x000000077b580000)
 ParOldGen       total 171520K, used 28550K [0x00000006c4400000, 0x00000006ceb80000, 0x000000076c180000)
  object space 171520K, 16% used [0x00000006c4400000,0x00000006c5fe1b50,0x00000006ceb80000)
 Metaspace       used 50575K, capacity 55640K, committed 55808K, reserved 1097728K
  class space    used 6497K, capacity 7388K, committed 7424K, reserved 1048576K
}
Event: 3886.675 GC heap before
{Heap before GC invocations=48 (full 21):
 PSYoungGen      total 236544K, used 4910K [0x000000076c180000, 0x000000077b580000, 0x00000007c0000000)
  eden space 231424K, 0% used [0x000000076c180000,0x000000076c180000,0x000000077a380000)
  from space 5120K, 95% used [0x000000077a380000,0x000000077a84b848,0x000000077a880000)
  to   space 9216K, 0% used [0x000000077ac80000,0x000000077ac80000,0x000000077b580000)
 ParOldGen       total 171520K, used 28550K [0x00000006c4400000, 0x00000006ceb80000, 0x000000076c180000)
  object space 171520K, 16% used [0x00000006c4400000,0x00000006c5fe1b50,0x00000006ceb80000)
 Metaspace       used 50575K, capacity 55640K, committed 55808K, reserved 1097728K
  class space    used 6497K, capacity 7388K, committed 7424K, reserved 1048576K
Event: 3886.756 GC heap after
Heap after GC invocations=48 (full 21):
 PSYoungGen      total 236544K, used 0K [0x000000076c180000, 0x000000077b580000, 0x00000007c0000000)
  eden space 231424K, 0% used [0x000000076c180000,0x000000076c180000,0x000000077a380000)
  from space 5120K, 0% used [0x000000077a380000,0x000000077a380000,0x000000077a880000)
  to   space 9216K, 0% used [0x000000077ac80000,0x000000077ac80000,0x000000077b580000)
 ParOldGen       total 171520K, used 29131K [0x00000006c4400000, 0x00000006ceb80000, 0x000000076c180000)
  object space 171520K, 16% used [0x00000006c4400000,0x00000006c6072e88,0x00000006ceb80000)
 Metaspace       used 50553K, capacity 55604K, committed 55808K, reserved 1097728K
  class space    used 6493K, capacity 7381K, committed 7424K, reserved 1048576K
}

